# JRE version: Java(TM) SE Runtime Environment 18.9 (11.0.21+9) (build 11.0.21+9-LTS-193)
# Java VM: Java HotSpot(TM) 64-Bit Server VM 18.9 (11.0.21+9-LTS-193, mixed mode, tiered, compressed oops, g1 gc, windows-amd64)
Heap:
 garbage-first heap   total 645120K, used 9956K [0x0000000704400000, 0x0000000800000000)
  region size 1024K, 7 young (7168K), 7 survivors (7168K)
 Metaspace       used 8567K, capacity 8737K, committed 9088K, reserved 1056768K
  class space    used 747K, capacity 784K, committed 896K, reserved 1048576K
GC Heap History (10 events):
Event: 13.851 GC heap after
{Heap after GC invocations=80 (full 0):
 garbage-first heap   total 447488K, used 7984K [0x0000000704400000, 0x0000000800000000)
  region size 1024K, 5 young (5120K), 5 survivors (5120K)
 Metaspace       used 8567K, capacity 8737K, committed 9088K, reserved 1056768K
  class space    used 747K, capacity 784K, committed 896K, reserved 1048576K
}
Event: 14.044 GC heap before
{Heap before GC invocations=80 (full 0):
 garbage-first heap   total 447488K, used 271152K [0x0000000704400000, 0x0000000800000000)
  region size 1024K, 262 young (268288K), 5 survivors (5120K)
 Metaspace       used 8567K, capacity 8737K, committed 9088K, reserved 1056768K
  class space    used 747K, capacity 784K, committed 896K, reserved 1048576K
}
Event: 14.051 GC heap after
{Heap after GC invocations=81 (full 0):
 garbage-first heap   total 537600K, used 7986K [0x0000000704400000, 0x0000000800000000)
  region size 1024K, 5 young (5120K), 5 survivors (5120K)
 Metaspace       used 8567K, capacity 8737K, committed 9088K, reserved 1056768K
  class space    used 747K, capacity 784K, committed 896K, reserved 1048576K
}
Event: 14.296 GC heap before
{Heap before GC invocations=81 (full 0):
 garbage-first heap   total 537600K, used 325426K [0x0000000704400000, 0x0000000800000000)
  region size 1024K, 315 young (322560K), 5 survivors (5120K)
 Metaspace       used 8567K, capacity 8737K, committed 9088K, reserved 1056768K
  class space    used 747K, capacity 784K, committed 896K, reserved 1048576K
}
Event: 14.301 GC heap after
{Heap after GC invocations=82 (full 0):
 garbage-first heap   total 537600K, used 8065K [0x0000000704400000, 0x0000000800000000)
  region size 1024K, 5 young (5120K), 5 survivors (5120K)
 Metaspace       used 8567K, capacity 8737K, committed 9088K, reserved 1056768K
  class space    used 747K, capacity 784K, committed 896K, reserved 1048576K
}
Event: 14.515 GC heap before
{Heap before GC invocations=82 (full 0):
 garbage-first heap   total 537600K, used 325505K [0x0000000704400000, 0x0000000800000000)
  region size 1024K, 315 young (322560K), 5 survivors (5120K)
 Metaspace       used 8567K, capacity 8737K, committed 9088K, reserved 1056768K
  class space    used 747K, capacity 784K, committed 896K, reserved 1048576K
}
Event: 14.520 GC heap after
{Heap after GC invocations=83 (full 0):
 garbage-first heap   total 537600K, used 8065K [0x0000000704400000, 0x0000000800000000)
  region size 1024K, 5 young (5120K), 5 survivors (5120K)
 Metaspace       used 8567K, capacity 8737K, committed 9088K, reserved 1056768K
  class space    used 747K, capacity 784K, committed 896K, reserved 1048576K
}
Event: 14.724 GC heap before
{Heap before GC invocations=83 (full 0):
 garbage-first heap   total 537600K, used 325505K [0x0000000704400000, 0x0000000800000000)
  region size 1024K, 315 young (322560K), 5 survivors (5120K)
 Metaspace       used 8567K, capacity 8737K, committed 9088K, reserved 1056768K
  class space    used 747K, capacity 784K, committed 896K, reserved 1048576K
}
Event: 14.730 GC heap after
{Heap after GC invocations=84 (full 0):
 garbage-first heap   total 537600K, used 7908K [0x0000000704400000, 0x0000000800000000)
  region size 1024K, 5 young (5120K), 5 survivors (5120K)
 Metaspace       used 8567K, capacity 8737K, committed 9088K, reserved 1056768K
  class space    used 747K, capacity 784K, committed 896K, reserved 1048576K
}
Event: 14.976 GC heap before
{Heap before GC invocations=84 (full 0):
 garbage-first heap   total 537600K, used 325348K [0x0000000704400000, 0x0000000800000000)
  region size 1024K, 315 young (322560K), 5 survivors (5120K)
 Metaspace       used 8567K, capacity 8737K, committed 9088K, reserved 1056768K
  class space    used 747K, capacity 784K, committed 896K, reserved 1048576K
}

