# JRE version: Java(TM) SE Runtime Environment 18.9 (11.0.21+9) (build 11.0.21+9-LTS-193)
# Java VM: Java HotSpot(TM) 64-Bit Server VM 18.9 (11.0.21+9-LTS-193, mixed mode, tiered, compressed oops, g1 gc, windows-amd64)
Heap:
 garbage-first heap   total 447488K, used 6276K [0x0000000704400000, 0x0000000800000000)
  region size 1024K, 7 young (7168K), 7 survivors (7168K)
 Metaspace       used 8561K, capacity 8753K, committed 9088K, reserved 1056768K
  class space    used 747K, capacity 784K, committed 896K, reserved 1048576K
GC Heap History (10 events):
Event: 1.137 GC heap after
{Heap after GC invocations=8 (full 0):
 garbage-first heap   total 310272K, used 4195K [0x0000000704400000, 0x0000000800000000)
  region size 1024K, 5 young (5120K), 5 survivors (5120K)
 Metaspace       used 8561K, capacity 8753K, committed 9088K, reserved 1056768K
  class space    used 747K, capacity 784K, committed 896K, reserved 1048576K
}
Event: 1.235 GC heap before
{Heap before GC invocations=8 (full 0):
 garbage-first heap   total 310272K, used 184419K [0x0000000704400000, 0x0000000800000000)
  region size 1024K, 181 young (185344K), 5 survivors (5120K)
 Metaspace       used 8561K, capacity 8753K, committed 9088K, reserved 1056768K
  class space    used 747K, capacity 784K, committed 896K, reserved 1048576K
}
Event: 1.238 GC heap after
{Heap after GC invocations=9 (full 0):
 garbage-first heap   total 372736K, used 4299K [0x0000000704400000, 0x0000000800000000)
  region size 1024K, 5 young (5120K), 5 survivors (5120K)
 Metaspace       used 8561K, capacity 8753K, committed 9088K, reserved 1056768K
  class space    used 747K, capacity 784K, committed 896K, reserved 1048576K
}
Event: 1.429 GC heap before
{Heap before GC invocations=9 (full 0):
 garbage-first heap   total 372736K, used 222411K [0x0000000704400000, 0x0000000800000000)
  region size 1024K, 218 young (223232K), 5 survivors (5120K)
 Metaspace       used 8561K, capacity 8753K, committed 9088K, reserved 1056768K
  class space    used 747K, capacity 784K, committed 896K, reserved 1048576K
}
Event: 1.432 GC heap after
{Heap after GC invocations=10 (full 0):
 garbage-first heap   total 372736K, used 6144K [0x0000000704400000, 0x0000000800000000)
  region size 1024K, 6 young (6144K), 6 survivors (6144K)
 Metaspace       used 8561K, capacity 8753K, committed 9088K, reserved 1056768K
  class space    used 747K, capacity 784K, committed 896K, reserved 1048576K
}
Event: 1.590 GC heap before
{Heap before GC invocations=10 (full 0):
 garbage-first heap   total 372736K, used 223232K [0x0000000704400000, 0x0000000800000000)
  region size 1024K, 218 young (223232K), 6 survivors (6144K)
 Metaspace       used 8561K, capacity 8753K, committed 9088K, reserved 1056768K
  class space    used 747K, capacity 784K, committed 896K, reserved 1048576K
}
Event: 1.592 GC heap after
{Heap after GC invocations=11 (full 0):
 garbage-first heap   total 372736K, used 6099K [0x0000000704400000, 0x0000000800000000)
  region size 1024K, 6 young (6144K), 6 survivors (6144K)
 Metaspace       used 8561K, capacity 8753K, committed 9088K, reserved 1056768K
  class space    used 747K, capacity 784K, committed 896K, reserved 1048576K
}
Event: 1.750 GC heap before
{Heap before GC invocations=11 (full 0):
 garbage-first heap   total 372736K, used 223187K [0x0000000704400000, 0x0000000800000000)
  region size 1024K, 218 young (223232K), 6 survivors (6144K)
 Metaspace       used 8561K, capacity 8753K, committed 9088K, reserved 1056768K
  class space    used 747K, capacity 784K, committed 896K, reserved 1048576K
}
Event: 1.753 GC heap after
{Heap after GC invocations=12 (full 0):
 garbage-first heap   total 372736K, used 6273K [0x0000000704400000, 0x0000000800000000)
  region size 1024K, 7 young (7168K), 7 survivors (7168K)
 Metaspace       used 8561K, capacity 8753K, committed 9088K, reserved 1056768K
  class space    used 747K, capacity 784K, committed 896K, reserved 1048576K
}
Event: 1.904 GC heap before
{Heap before GC invocations=12 (full 0):
 garbage-first heap   total 372736K, used 222337K [0x0000000704400000, 0x0000000800000000)
  region size 1024K, 218 young (223232K), 7 survivors (7168K)
 Metaspace       used 8561K, capacity 8753K, committed 9088K, reserved 1056768K
  class space    used 747K, capacity 784K, committed 896K, reserved 1048576K
}

